<?xml version="1.0" encoding="UTF-8"?>
<coverage generated="1540087806765" clover="3.2.0">
  <project timestamp="1540087806766" name="All files">
    <metrics statements="31" coveredstatements="31" conditionals="21" coveredconditionals="21" methods="15" coveredmethods="15" elements="67" coveredelements="67" complexity="0" loc="31" ncloc="31" packages="11" files="11" classes="11">
      <package name="src">
        <metrics statements="2" coveredstatements="2" conditionals="0" coveredconditionals="0" methods="0" coveredmethods="0"/>
        <file name="setupTests.js" path="D:\Projects\react_tic-tac-toe\src\setupTests.js">
          <metrics statements="2" coveredstatements="2" conditionals="0" coveredconditionals="0" methods="0" coveredmethods="0"/>
          <line num="7" count="9" type="stmt"/>
          <line num="9" count="9" type="stmt"/>
        </file>
      </package>
      <package name="src.components.App">
        <metrics statements="4" coveredstatements="4" conditionals="0" coveredconditionals="0" methods="2" coveredmethods="2"/>
        <file name="index.js" path="D:\Projects\react_tic-tac-toe\src\components\App\index.js">
          <metrics statements="4" coveredstatements="4" conditionals="0" coveredconditionals="0" methods="2" coveredmethods="2"/>
          <line num="9" count="1" type="stmt"/>
          <line num="18" count="1" type="stmt"/>
          <line num="21" count="1" type="stmt"/>
          <line num="24" count="9" type="stmt"/>
        </file>
      </package>
      <package name="src.components.Board">
        <metrics statements="2" coveredstatements="2" conditionals="0" coveredconditionals="0" methods="0" coveredmethods="0"/>
        <file name="index.js" path="D:\Projects\react_tic-tac-toe\src\components\Board\index.js">
          <metrics statements="2" coveredstatements="2" conditionals="0" coveredconditionals="0" methods="0" coveredmethods="0"/>
          <line num="3" count="2" type="stmt"/>
          <line num="16" count="2" type="stmt"/>
        </file>
      </package>
      <package name="src.components.Square">
        <metrics statements="7" coveredstatements="7" conditionals="10" coveredconditionals="10" methods="5" coveredmethods="5"/>
        <file name="index.js" path="D:\Projects\react_tic-tac-toe\src\components\Square\index.js">
          <metrics statements="7" coveredstatements="7" conditionals="10" coveredconditionals="10" methods="5" coveredmethods="5"/>
          <line num="6" count="3" type="stmt"/>
          <line num="9" count="6" type="cond" truecount="2" falsecount="0"/>
          <line num="10" count="6" type="cond" truecount="2" falsecount="0"/>
          <line num="11" count="6" type="cond" truecount="2" falsecount="0"/>
          <line num="12" count="6" type="cond" truecount="2" falsecount="0"/>
          <line num="19" count="3" type="stmt"/>
          <line num="22" count="7" type="cond" truecount="2" falsecount="0"/>
        </file>
      </package>
      <package name="src.containers.Square">
        <metrics statements="4" coveredstatements="4" conditionals="0" coveredconditionals="0" methods="3" coveredmethods="3"/>
        <file name="index.js" path="D:\Projects\react_tic-tac-toe\src\containers\Square\index.js">
          <metrics statements="4" coveredstatements="4" conditionals="0" coveredconditionals="0" methods="3" coveredmethods="3"/>
          <line num="8" count="2" type="stmt"/>
          <line num="10" count="2" type="stmt"/>
          <line num="16" count="2" type="stmt"/>
          <line num="17" count="1" type="stmt"/>
        </file>
      </package>
      <package name="src.state">
        <metrics statements="1" coveredstatements="1" conditionals="0" coveredconditionals="0" methods="0" coveredmethods="0"/>
        <file name="constants.js" path="D:\Projects\react_tic-tac-toe\src\state\constants.js">
          <metrics statements="1" coveredstatements="1" conditionals="0" coveredconditionals="0" methods="0" coveredmethods="0"/>
          <line num="2" count="5" type="stmt"/>
        </file>
      </package>
      <package name="src.state.actions">
        <metrics statements="1" coveredstatements="1" conditionals="0" coveredconditionals="0" methods="1" coveredmethods="1"/>
        <file name="index.js" path="D:\Projects\react_tic-tac-toe\src\state\actions\index.js">
          <metrics statements="1" coveredstatements="1" conditionals="0" coveredconditionals="0" methods="1" coveredmethods="1"/>
          <line num="5" count="4" type="stmt"/>
        </file>
      </package>
      <package name="src.state.reducers">
        <metrics statements="4" coveredstatements="4" conditionals="6" coveredconditionals="6" methods="1" coveredmethods="1"/>
        <file name="index.js" path="D:\Projects\react_tic-tac-toe\src\state\reducers\index.js">
          <metrics statements="4" coveredstatements="4" conditionals="6" coveredconditionals="6" methods="1" coveredmethods="1"/>
          <line num="6" count="5" type="stmt"/>
          <line num="9" count="7" type="cond" truecount="2" falsecount="0"/>
          <line num="11" count="2" type="stmt"/>
          <line num="18" count="5" type="stmt"/>
        </file>
      </package>
      <package name="src.state.selectors">
        <metrics statements="1" coveredstatements="1" conditionals="0" coveredconditionals="0" methods="1" coveredmethods="1"/>
        <file name="index.js" path="D:\Projects\react_tic-tac-toe\src\state\selectors\index.js">
          <metrics statements="1" coveredstatements="1" conditionals="0" coveredconditionals="0" methods="1" coveredmethods="1"/>
          <line num="3" count="3" type="stmt"/>
        </file>
      </package>
      <package name="src.state.store">
        <metrics statements="1" coveredstatements="1" conditionals="0" coveredconditionals="0" methods="1" coveredmethods="1"/>
        <file name="index.js" path="D:\Projects\react_tic-tac-toe\src\state\store\index.js">
          <metrics statements="1" coveredstatements="1" conditionals="0" coveredconditionals="0" methods="1" coveredmethods="1"/>
          <line num="7" count="3" type="stmt"/>
        </file>
      </package>
      <package name="src.utilities.getPlayer">
        <metrics statements="4" coveredstatements="4" conditionals="5" coveredconditionals="5" methods="1" coveredmethods="1"/>
        <file name="index.js" path="D:\Projects\react_tic-tac-toe\src\utilities\getPlayer\index.js">
          <metrics statements="4" coveredstatements="4" conditionals="5" coveredconditionals="5" methods="1" coveredmethods="1"/>
          <line num="4" count="6" type="stmt"/>
          <line num="6" count="6" type="cond" truecount="2" falsecount="0"/>
          <line num="7" count="3" type="stmt"/>
          <line num="10" count="3" type="cond" truecount="2" falsecount="0"/>
        </file>
      </package>
    </metrics>
  </project>
</coverage>
