{"D:\\Projects\\react_tic-tac-toe\\src\\setupTests.js": {"path":"D:\\Projects\\react_tic-tac-toe\\src\\setupTests.js","statementMap":{"0":{"start":{"line":7,"column":0},"end":{"line":7,"column":44}},"1":{"start":{"line":9,"column":0},"end":{"line":9,"column":22}}},"fnMap":{},"branchMap":{},"s":{"0":4,"1":4},"f":{},"b":{},"_coverageSchema":"332fd63041d2c1bcb487cc26dd0d5f7d97098a6c","hash":"1d7fba2903af676fc3c1fa2e028c8007ecd552d0"}
,"D:\\Projects\\react_tic-tac-toe\\src\\components\\App\\index.js": {"path":"D:\\Projects\\react_tic-tac-toe\\src\\components\\App\\index.js","statementMap":{"0":{"start":{"line":7,"column":20},"end":{"line":11,"column":3}},"1":{"start":{"line":8,"column":2},"end":{"line":11,"column":3}},"2":{"start":{"line":9,"column":11},"end":{"line":9,"column":78}},"3":{"start":{"line":13,"column":18},"end":{"line":21,"column":1}},"4":{"start":{"line":22,"column":0},"end":{"line":22,"column":35}},"5":{"start":{"line":25,"column":2},"end":{"line":29,"column":3}}},"fnMap":{"0":{"name":"(anonymous_0)","decl":{"start":{"line":7,"column":20},"end":{"line":7,"column":21}},"loc":{"start":{"line":8,"column":2},"end":{"line":11,"column":3}},"line":8},"1":{"name":"(anonymous_1)","decl":{"start":{"line":9,"column":4},"end":{"line":9,"column":5}},"loc":{"start":{"line":9,"column":11},"end":{"line":9,"column":78}},"line":9},"2":{"name":"App","decl":{"start":{"line":24,"column":24},"end":{"line":24,"column":27}},"loc":{"start":{"line":24,"column":31},"end":{"line":30,"column":1}},"line":24}},"branchMap":{"0":{"loc":{"start":{"line":9,"column":49},"end":{"line":9,"column":74}},"type":"cond-expr","locations":[{"start":{"line":9,"column":65},"end":{"line":9,"column":68}},{"start":{"line":9,"column":71},"end":{"line":9,"column":74}}],"line":9}},"s":{"0":1,"1":1,"2":9,"3":1,"4":1,"5":1},"f":{"0":1,"1":9,"2":1},"b":{"0":[5,4]},"_coverageSchema":"332fd63041d2c1bcb487cc26dd0d5f7d97098a6c","hash":"7a1095f01ae5faa055ce016109b0c850dac927e8"}
,"D:\\Projects\\react_tic-tac-toe\\src\\components\\Board\\index.js": {"path":"D:\\Projects\\react_tic-tac-toe\\src\\components\\Board\\index.js","statementMap":{"0":{"start":{"line":3,"column":14},"end":{"line":15,"column":1}},"1":{"start":{"line":16,"column":0},"end":{"line":16,"column":27}}},"fnMap":{},"branchMap":{},"s":{"0":2,"1":2},"f":{},"b":{},"_coverageSchema":"332fd63041d2c1bcb487cc26dd0d5f7d97098a6c","hash":"92c5c8066854c91f07578c8d07c1f3fb734a926f"}
,"D:\\Projects\\react_tic-tac-toe\\src\\components\\Square\\index.js": {"path":"D:\\Projects\\react_tic-tac-toe\\src\\components\\Square\\index.js","statementMap":{"0":{"start":{"line":5,"column":21},"end":{"line":18,"column":1}},"1":{"start":{"line":8,"column":36},"end":{"line":8,"column":63}},"2":{"start":{"line":9,"column":22},"end":{"line":9,"column":43}},"3":{"start":{"line":11,"column":4},"end":{"line":11,"column":70}},"4":{"start":{"line":12,"column":30},"end":{"line":12,"column":74}},"5":{"start":{"line":19,"column":0},"end":{"line":19,"column":41}},"6":{"start":{"line":22,"column":2},"end":{"line":26,"column":3}}},"fnMap":{"0":{"name":"(anonymous_0)","decl":{"start":{"line":8,"column":20},"end":{"line":8,"column":21}},"loc":{"start":{"line":8,"column":36},"end":{"line":8,"column":63}},"line":8},"1":{"name":"(anonymous_1)","decl":{"start":{"line":9,"column":6},"end":{"line":9,"column":7}},"loc":{"start":{"line":9,"column":22},"end":{"line":9,"column":43}},"line":9},"2":{"name":"(anonymous_2)","decl":{"start":{"line":10,"column":11},"end":{"line":10,"column":12}},"loc":{"start":{"line":11,"column":4},"end":{"line":11,"column":70}},"line":11},"3":{"name":"(anonymous_3)","decl":{"start":{"line":12,"column":12},"end":{"line":12,"column":13}},"loc":{"start":{"line":12,"column":30},"end":{"line":12,"column":74}},"line":12},"4":{"name":"Square","decl":{"start":{"line":21,"column":24},"end":{"line":21,"column":30}},"loc":{"start":{"line":21,"column":64},"end":{"line":27,"column":1}},"line":21}},"branchMap":{"0":{"loc":{"start":{"line":8,"column":36},"end":{"line":8,"column":63}},"type":"cond-expr","locations":[{"start":{"line":8,"column":54},"end":{"line":8,"column":55}},{"start":{"line":8,"column":58},"end":{"line":8,"column":63}}],"line":8},"1":{"loc":{"start":{"line":9,"column":22},"end":{"line":9,"column":43}},"type":"cond-expr","locations":[{"start":{"line":9,"column":34},"end":{"line":9,"column":39}},{"start":{"line":9,"column":42},"end":{"line":9,"column":43}}],"line":9},"2":{"loc":{"start":{"line":11,"column":4},"end":{"line":11,"column":70}},"type":"cond-expr","locations":[{"start":{"line":11,"column":21},"end":{"line":11,"column":43}},{"start":{"line":11,"column":46},"end":{"line":11,"column":70}}],"line":11},"3":{"loc":{"start":{"line":12,"column":30},"end":{"line":12,"column":74}},"type":"cond-expr","locations":[{"start":{"line":12,"column":53},"end":{"line":12,"column":62}},{"start":{"line":12,"column":65},"end":{"line":12,"column":74}}],"line":12}},"s":{"0":2,"1":6,"2":6,"3":6,"4":6,"5":2,"6":6},"f":{"0":6,"1":6,"2":6,"3":6,"4":6},"b":{"0":[2,4],"1":[4,2],"2":[4,2],"3":[5,1]},"_coverageSchema":"332fd63041d2c1bcb487cc26dd0d5f7d97098a6c","hash":"5d5ae7f844b42b1498cfc3a64773d686e4298cfc"}
,"D:\\Projects\\react_tic-tac-toe\\src\\utilities\\getPlayer\\index.js": {"path":"D:\\Projects\\react_tic-tac-toe\\src\\utilities\\getPlayer\\index.js","statementMap":{"0":{"start":{"line":4,"column":15},"end":{"line":4,"column":37}},"1":{"start":{"line":6,"column":2},"end":{"line":8,"column":3}},"2":{"start":{"line":7,"column":4},"end":{"line":7,"column":20}},"3":{"start":{"line":10,"column":2},"end":{"line":10,"column":35}}},"fnMap":{"0":{"name":"getPlayer","decl":{"start":{"line":3,"column":24},"end":{"line":3,"column":33}},"loc":{"start":{"line":3,"column":55},"end":{"line":11,"column":1}},"line":3}},"branchMap":{"0":{"loc":{"start":{"line":3,"column":43},"end":{"line":3,"column":53}},"type":"default-arg","locations":[{"start":{"line":3,"column":51},"end":{"line":3,"column":53}}],"line":3},"1":{"loc":{"start":{"line":6,"column":2},"end":{"line":8,"column":3}},"type":"if","locations":[{"start":{"line":6,"column":2},"end":{"line":8,"column":3}},{"start":{"line":6,"column":2},"end":{"line":8,"column":3}}],"line":6},"2":{"loc":{"start":{"line":10,"column":9},"end":{"line":10,"column":35}},"type":"cond-expr","locations":[{"start":{"line":10,"column":26},"end":{"line":10,"column":29}},{"start":{"line":10,"column":32},"end":{"line":10,"column":35}}],"line":10}},"s":{"0":4,"1":4,"2":2,"3":2},"f":{"0":4},"b":{"0":[1],"1":[2,2],"2":[1,1]},"_coverageSchema":"332fd63041d2c1bcb487cc26dd0d5f7d97098a6c","hash":"b75fa603d03428a7348c7886f7a9ec711c7676ad"}
}
