TN:
SF:D:\Projects\react_tic-tac-toe\src\setupTests.js
FNF:0
FNH:0
DA:7,9
DA:9,9
LF:2
LH:2
BRF:0
BRH:0
end_of_record
TN:
SF:D:\Projects\react_tic-tac-toe\src\components\App\index.js
FN:20,App
FN:24,(anonymous_1)
FNF:2
FNH:2
FNDA:1,App
FNDA:9,(anonymous_1)
DA:9,1
DA:18,1
DA:21,1
DA:24,9
LF:4
LH:4
BRF:0
BRH:0
end_of_record
TN:
SF:D:\Projects\react_tic-tac-toe\src\components\Board\index.js
FNF:0
FNH:0
DA:3,2
DA:16,2
LF:2
LH:2
BRF:0
BRH:0
end_of_record
TN:
SF:D:\Projects\react_tic-tac-toe\src\components\Square\index.js
FN:9,(anonymous_0)
FN:10,(anonymous_1)
FN:11,(anonymous_2)
FN:12,(anonymous_3)
FN:21,Square
FNF:5
FNH:5
FNDA:6,(anonymous_0)
FNDA:6,(anonymous_1)
FNDA:6,(anonymous_2)
FNDA:6,(anonymous_3)
FNDA:7,Square
DA:6,3
DA:9,6
DA:10,6
DA:11,6
DA:12,6
DA:19,3
DA:22,7
LF:7
LH:7
BRDA:9,0,0,2
BRDA:9,0,1,4
BRDA:10,1,0,4
BRDA:10,1,1,2
BRDA:11,2,0,4
BRDA:11,2,1,2
BRDA:12,3,0,5
BRDA:12,3,1,1
BRDA:22,4,0,2
BRDA:22,4,1,5
BRF:10
BRH:10
end_of_record
TN:
SF:D:\Projects\react_tic-tac-toe\src\containers\Square\index.js
FN:7,mapStateToProps
FN:15,mapDispatchToProps
FN:17,(anonymous_2)
FNF:3
FNH:3
FNDA:2,mapStateToProps
FNDA:2,mapDispatchToProps
FNDA:1,(anonymous_2)
DA:8,2
DA:10,2
DA:16,2
DA:17,1
LF:4
LH:4
BRF:0
BRH:0
end_of_record
TN:
SF:D:\Projects\react_tic-tac-toe\src\state\constants.js
FNF:0
FNH:0
DA:2,5
LF:1
LH:1
BRF:0
BRH:0
end_of_record
TN:
SF:D:\Projects\react_tic-tac-toe\src\state\actions\index.js
FN:4,squareClicked
FNF:1
FNH:1
FNDA:4,squareClicked
DA:5,4
LF:1
LH:1
BRF:0
BRH:0
end_of_record
TN:
SF:D:\Projects\react_tic-tac-toe\src\state\reducers\index.js
FN:8,rootReducer
FNF:1
FNH:1
FNDA:7,rootReducer
DA:6,5
DA:9,7
DA:11,2
DA:18,5
LF:4
LH:4
BRDA:8,0,0,4
BRDA:8,1,0,5
BRDA:9,2,0,2
BRDA:9,2,1,5
BRDA:13,3,0,1
BRDA:13,3,1,1
BRF:6
BRH:6
end_of_record
TN:
SF:D:\Projects\react_tic-tac-toe\src\state\selectors\index.js
FN:2,getMoves
FNF:1
FNH:1
FNDA:3,getMoves
DA:3,3
LF:1
LH:1
BRF:0
BRH:0
end_of_record
TN:
SF:D:\Projects\react_tic-tac-toe\src\state\store\index.js
FN:6,configureStore
FNF:1
FNH:1
FNDA:3,configureStore
DA:7,3
LF:1
LH:1
BRF:0
BRH:0
end_of_record
TN:
SF:D:\Projects\react_tic-tac-toe\src\utilities\getPlayer\index.js
FN:3,getPlayer
FNF:1
FNH:1
FNDA:6,getPlayer
DA:4,6
DA:6,6
DA:7,3
DA:10,3
LF:4
LH:4
BRDA:3,0,0,1
BRDA:6,1,0,3
BRDA:6,1,1,3
BRDA:10,2,0,2
BRDA:10,2,1,1
BRF:5
BRH:5
end_of_record
