TN:
SF:D:\Projects\react_tic-tac-toe\src\setupTests.js
FNF:0
FNH:0
DA:7,6
DA:9,6
LF:2
LH:2
BRF:0
BRH:0
end_of_record
TN:
SF:D:\Projects\react_tic-tac-toe\src\components\App\index.js
FN:9,makeSquares
FN:10,(anonymous_1)
FN:17,(anonymous_2)
FN:36,App
FNF:4
FNH:3
FNDA:2,makeSquares
FNDA:18,(anonymous_1)
FNDA:0,(anonymous_2)
FNDA:2,App
DA:10,2
DA:11,18
DA:13,18
DA:17,0
DA:25,1
DA:34,1
DA:37,2
LF:7
LH:6
BRDA:13,0,0,15
BRDA:13,0,1,3
BRDA:36,1,0,1
BRF:3
BRH:3
end_of_record
TN:
SF:D:\Projects\react_tic-tac-toe\src\components\Board\index.js
FNF:0
FNH:0
DA:3,2
DA:16,2
LF:2
LH:2
BRF:0
BRH:0
end_of_record
TN:
SF:D:\Projects\react_tic-tac-toe\src\components\Square\index.js
FN:8,(anonymous_0)
FN:9,(anonymous_1)
FN:10,(anonymous_2)
FN:12,(anonymous_3)
FN:21,Square
FNF:5
FNH:5
FNDA:6,(anonymous_0)
FNDA:6,(anonymous_1)
FNDA:6,(anonymous_2)
FNDA:6,(anonymous_3)
FNDA:6,Square
DA:5,2
DA:8,6
DA:9,6
DA:11,6
DA:12,6
DA:19,2
DA:22,6
LF:7
LH:7
BRDA:8,0,0,2
BRDA:8,0,1,4
BRDA:9,1,0,4
BRDA:9,1,1,2
BRDA:11,2,0,4
BRDA:11,2,1,2
BRDA:12,3,0,5
BRDA:12,3,1,1
BRF:8
BRH:8
end_of_record
TN:
SF:D:\Projects\react_tic-tac-toe\src\state\constants.js
FNF:0
FNH:0
DA:2,2
LF:1
LH:1
BRF:0
BRH:0
end_of_record
TN:
SF:D:\Projects\react_tic-tac-toe\src\state\actions\index.js
FN:4,squareClicked
FNF:1
FNH:1
FNDA:3,squareClicked
DA:5,3
LF:1
LH:1
BRF:0
BRH:0
end_of_record
TN:
SF:D:\Projects\react_tic-tac-toe\src\state\reducers\index.js
FN:8,rootReducer
FNF:1
FNH:1
FNDA:4,rootReducer
DA:6,2
DA:9,4
DA:11,2
DA:18,2
LF:4
LH:4
BRDA:8,0,0,1
BRDA:8,1,0,2
BRDA:9,2,0,2
BRDA:9,2,1,2
BRDA:13,3,0,1
BRDA:13,3,1,1
BRF:6
BRH:6
end_of_record
TN:
SF:D:\Projects\react_tic-tac-toe\src\utilities\getPlayer\index.js
FN:3,getPlayer
FNF:1
FNH:1
FNDA:22,getPlayer
DA:4,22
DA:6,22
DA:7,17
DA:10,5
LF:4
LH:4
BRDA:3,0,0,1
BRDA:6,1,0,17
BRDA:6,1,1,5
BRDA:10,2,0,3
BRDA:10,2,1,2
BRF:5
BRH:5
end_of_record
